2020-04-10 13:29:58.285 INFO [main] [com.StepDefinition.LoginStep] [user_enters_the_url_and_opens_the_Login_link] [com.StepDefinition.LoginStep.user_enters_the_url_and_opens_the_Login_link(LoginStep.java:29)] - user opens the demo blaze and clicks on the login 
2020-04-10 13:30:04.840 INFO [main] [com.StepDefinition.LoginStep] [user_gives_his_username_and_password] [com.StepDefinition.LoginStep.user_gives_his_username_and_password(LoginStep.java:39)] - user enters username and password
2020-04-10 13:30:06.842 INFO [main] [com.StepDefinition.LoginStep] [clicks_on_the_login_button] [com.StepDefinition.LoginStep.clicks_on_the_login_button(LoginStep.java:46)] - user clicks on the login button
2020-04-10 13:30:19.785 INFO [main] [com.StepDefinition.LoginStep] [user_closes_the_browser] [com.StepDefinition.LoginStep.user_closes_the_browser(LoginStep.java:62)] - user clicks on logout 
2020-04-10 13:30:41.973 INFO [main] [com.StepDefinition.LoginStep] [user_enters_the_url_and_opens_the_Login_link] [com.StepDefinition.LoginStep.user_enters_the_url_and_opens_the_Login_link(LoginStep.java:29)] - user opens the demo blaze and clicks on the login 
2020-04-10 13:30:49.417 INFO [main] [com.StepDefinition.LoginStep] [user_gives_his_username_and_password] [com.StepDefinition.LoginStep.user_gives_his_username_and_password(LoginStep.java:39)] - user enters username and password
2020-04-10 13:30:51.420 INFO [main] [com.StepDefinition.LoginStep] [clicks_on_the_login_button] [com.StepDefinition.LoginStep.clicks_on_the_login_button(LoginStep.java:46)] - user clicks on the login button
2020-04-10 13:31:00.427 INFO [main] [com.StepDefinition.LoginStep] [user_closes_the_browser] [com.StepDefinition.LoginStep.user_closes_the_browser(LoginStep.java:62)] - user clicks on logout 
2020-04-10 13:31:15.430 INFO [main] [com.StepDefinition.PhoneStep] [open_the_browser_to_open_website] [com.StepDefinition.PhoneStep.open_the_browser_to_open_website(PhoneStep.java:25)] - user launches the chrome browser
2020-04-10 13:31:17.587 INFO [main] [com.StepDefinition.PhoneStep] [user_opens_the_demoblaze_and_click_on_login] [com.StepDefinition.PhoneStep.user_opens_the_demoblaze_and_click_on_login(PhoneStep.java:33)] - user clicks on the login button 
2020-04-10 13:31:22.875 INFO [main] [com.StepDefinition.PhoneStep] [user_enter_the_username_and_password_and_get_login] [com.StepDefinition.PhoneStep.user_enter_the_username_and_password_and_get_login(PhoneStep.java:46)] - user enters username and password
2020-04-10 13:31:26.763 INFO [main] [com.StepDefinition.PhoneStep] [user_enters_to_mobile_section] [com.StepDefinition.PhoneStep.user_enters_to_mobile_section(PhoneStep.java:55)] - user click on the mobile section
2020-04-10 13:31:38.566 INFO [main] [com.StepDefinition.PhoneStep] [user_select_the_mobile_and_add_the_product_to_his_her_cart] [com.StepDefinition.PhoneStep.user_select_the_mobile_and_add_the_product_to_his_her_cart(PhoneStep.java:73)] - user selects the mobile and add it to cart
2020-04-10 13:32:29.669 INFO [main] [com.StepDefinition.LaptopStep] [that_user_Launche_and_open_the_site] [com.StepDefinition.LaptopStep.that_user_Launche_and_open_the_site(LaptopStep.java:27)] - user clicks on the login form 
2020-04-10 13:32:38.042 INFO [main] [com.StepDefinition.LaptopStep] [user_Logins_to_website_and_enters_usernm_and_paswrd] [com.StepDefinition.LaptopStep.user_Logins_to_website_and_enters_usernm_and_paswrd(LaptopStep.java:39)] - username and password are entered bu user
2020-04-10 13:32:45.656 INFO [main] [com.StepDefinition.LaptopStep] [clicks_on_laptop_and_select_user_desired_laptop] [com.StepDefinition.LaptopStep.clicks_on_laptop_and_select_user_desired_laptop(LaptopStep.java:50)] - user click on laptop section and selects desired laptop
2020-04-10 13:32:54.747 INFO [main] [com.StepDefinition.LaptopStep] [add_it_cart_and_displays_in_cart] [com.StepDefinition.LaptopStep.add_it_cart_and_displays_in_cart(LaptopStep.java:66)] - Laptop clicks on add to cart
2020-04-10 13:33:41.032 INFO [main] [com.StepDefinition.SignupStep] [user_opens_the_browser] [com.StepDefinition.SignupStep.user_opens_the_browser(SignupStep.java:28)] - user launches the browser 
2020-04-10 13:33:41.370 INFO [main] [com.StepDefinition.SignupStep] [user_want_to_buy_products_and_tap_on_signup] [com.StepDefinition.SignupStep.user_want_to_buy_products_and_tap_on_signup(SignupStep.java:38)] - user clicks on the signup button
2020-04-10 13:38:20.489 INFO [main] [com.StepDefinition.LoginStep] [user_enters_the_url_and_opens_the_Login_link] [com.StepDefinition.LoginStep.user_enters_the_url_and_opens_the_Login_link(LoginStep.java:29)] - user opens the demo blaze and clicks on the login 
2020-04-10 13:38:26.615 INFO [main] [com.StepDefinition.LoginStep] [user_gives_his_username_and_password] [com.StepDefinition.LoginStep.user_gives_his_username_and_password(LoginStep.java:39)] - user enters username and password
2020-04-10 13:38:28.618 INFO [main] [com.StepDefinition.LoginStep] [clicks_on_the_login_button] [com.StepDefinition.LoginStep.clicks_on_the_login_button(LoginStep.java:46)] - user clicks on the login button
2020-04-10 13:38:40.094 INFO [main] [com.StepDefinition.LoginStep] [user_closes_the_browser] [com.StepDefinition.LoginStep.user_closes_the_browser(LoginStep.java:62)] - user clicks on logout 
2020-04-10 13:39:00.287 INFO [main] [com.StepDefinition.LoginStep] [user_enters_the_url_and_opens_the_Login_link] [com.StepDefinition.LoginStep.user_enters_the_url_and_opens_the_Login_link(LoginStep.java:29)] - user opens the demo blaze and clicks on the login 
2020-04-10 13:39:04.473 INFO [main] [com.StepDefinition.LoginStep] [user_gives_his_username_and_password] [com.StepDefinition.LoginStep.user_gives_his_username_and_password(LoginStep.java:39)] - user enters username and password
2020-04-10 13:39:06.480 INFO [main] [com.StepDefinition.LoginStep] [clicks_on_the_login_button] [com.StepDefinition.LoginStep.clicks_on_the_login_button(LoginStep.java:46)] - user clicks on the login button
2020-04-10 13:39:12.952 INFO [main] [com.StepDefinition.LoginStep] [user_closes_the_browser] [com.StepDefinition.LoginStep.user_closes_the_browser(LoginStep.java:62)] - user clicks on logout 
2020-04-10 13:39:28.702 INFO [main] [com.StepDefinition.PhoneStep] [open_the_browser_to_open_website] [com.StepDefinition.PhoneStep.open_the_browser_to_open_website(PhoneStep.java:25)] - user launches the chrome browser
2020-04-10 13:39:30.884 INFO [main] [com.StepDefinition.PhoneStep] [user_opens_the_demoblaze_and_click_on_login] [com.StepDefinition.PhoneStep.user_opens_the_demoblaze_and_click_on_login(PhoneStep.java:33)] - user clicks on the login button 
2020-04-10 13:39:36.244 INFO [main] [com.StepDefinition.PhoneStep] [user_enter_the_username_and_password_and_get_login] [com.StepDefinition.PhoneStep.user_enter_the_username_and_password_and_get_login(PhoneStep.java:46)] - user enters username and password
2020-04-10 13:39:38.368 INFO [main] [com.StepDefinition.PhoneStep] [user_enters_to_mobile_section] [com.StepDefinition.PhoneStep.user_enters_to_mobile_section(PhoneStep.java:55)] - user click on the mobile section
2020-04-10 13:39:47.752 INFO [main] [com.StepDefinition.PhoneStep] [user_select_the_mobile_and_add_the_product_to_his_her_cart] [com.StepDefinition.PhoneStep.user_select_the_mobile_and_add_the_product_to_his_her_cart(PhoneStep.java:73)] - user selects the mobile and add it to cart
2020-04-10 13:40:01.835 INFO [main] [com.StepDefinition.LaptopStep] [that_user_Launche_and_open_the_site] [com.StepDefinition.LaptopStep.that_user_Launche_and_open_the_site(LaptopStep.java:27)] - user clicks on the login form 
2020-04-10 13:40:08.134 INFO [main] [com.StepDefinition.LaptopStep] [user_Logins_to_website_and_enters_usernm_and_paswrd] [com.StepDefinition.LaptopStep.user_Logins_to_website_and_enters_usernm_and_paswrd(LaptopStep.java:39)] - username and password are entered bu user
2020-04-10 13:40:15.649 INFO [main] [com.StepDefinition.LaptopStep] [clicks_on_laptop_and_select_user_desired_laptop] [com.StepDefinition.LaptopStep.clicks_on_laptop_and_select_user_desired_laptop(LaptopStep.java:50)] - user click on laptop section and selects desired laptop
2020-04-10 13:40:24.111 INFO [main] [com.StepDefinition.LaptopStep] [add_it_cart_and_displays_in_cart] [com.StepDefinition.LaptopStep.add_it_cart_and_displays_in_cart(LaptopStep.java:66)] - Laptop clicks on add to cart
2020-04-10 13:40:39.208 INFO [main] [com.StepDefinition.SignupStep] [user_opens_the_browser] [com.StepDefinition.SignupStep.user_opens_the_browser(SignupStep.java:28)] - user launches the browser 
2020-04-10 13:40:39.595 INFO [main] [com.StepDefinition.SignupStep] [user_want_to_buy_products_and_tap_on_signup] [com.StepDefinition.SignupStep.user_want_to_buy_products_and_tap_on_signup(SignupStep.java:38)] - user clicks on the signup button
2020-04-10 13:40:42.371 INFO [main] [com.StepDefinition.SignupStep] [registeres_by_entering_new_user_and_password] [com.StepDefinition.SignupStep.registeres_by_entering_new_user_and_password(SignupStep.java:54)] - user registers in the website succesfully
